
ASEM-51 V1.2                                         Copyright (c) 1996 by W.W. Heinz                                         PAGE 1





       MCS-51 Family Cross Assembler   A S E M - 5 1   V 1.2
       =====================================================



	Source File:	EXTMEM.ASM
	Object File:	EXTMEM.HEX
	List File:	EXTMEM.LST



 Line  I  Addr  Code            Source

    1:				; Test program for external memory.
    2:				; Write data to memory, then read it back.
    3:				; The program loops forever.
    4:
    5:		N      0000	                org 0
    6:
    7:
    8:	  0000	90 12 34	loop1:		mov DPTR,#1234h
    9:	  0003	74 AA				mov A,#0AAh
   10:	  0005	F0				movx @DPTR,A
   11:	  0006	E0				movx A,@DPTR
   12:
   13:	  0007	80 F7				jmp loop1
   14:
   15:				                END
   16:





                     register banks used:  ---

                     no errors




ASEM-51 V1.2                                         Copyright (c) 1996 by W.W. Heinz                                         PAGE 2





	       L I S T   O F   S Y M B O L S
	       =============================


SYMBOL				  TYPE     VALUE	LINE
------------------------------------------------------------
AC				  BIT	      D6
ACC				  DATA	      E0
B				  DATA	      F0
CY				  BIT	      D7
DPH				  DATA	      83
DPL				  DATA	      82
EA				  BIT	      AF
ES				  BIT	      AC
ET0				  BIT	      A9
ET1				  BIT	      AB
EX0				  BIT	      A8
EX1				  BIT	      AA
EXTI0				  CODE	    0003
EXTI1				  CODE	    0013
F0				  BIT	      D5
IE				  DATA	      A8
IE0				  BIT	      89
IE1				  BIT	      8B
INT0				  BIT	      B2
INT1				  BIT	      B3
IP				  DATA	      B8
IT0				  BIT	      88
IT1				  BIT	      8A
LOOP1				  CODE	    0000	   8
OV				  BIT	      D2
P				  BIT	      D0
P0				  DATA	      80
P1				  DATA	      90
P2				  DATA	      A0
P3				  DATA	      B0
PCON				  DATA	      87
PS				  BIT	      BC
PSW				  DATA	      D0
PT0				  BIT	      B9
PT1				  BIT	      BB
PX0				  BIT	      B8
PX1				  BIT	      BA
RB8				  BIT	      9A
RD				  BIT	      B7
REN				  BIT	      9C
RESET				  CODE	    0000
RI				  BIT	      98
RS0				  BIT	      D3
RS1				  BIT	      D4
RXD				  BIT	      B0
SBUF				  DATA	      99
SCON				  DATA	      98
SINT				  CODE	    0023
SM0				  BIT	      9F
SM1				  BIT	      9E

ASEM-51 V1.2                                         Copyright (c) 1996 by W.W. Heinz                                         PAGE 3



SYMBOL				  TYPE     VALUE	LINE
------------------------------------------------------------
SM2				  BIT	      9D
SP				  DATA	      81
T0				  BIT	      B4
T1				  BIT	      B5
TB8				  BIT	      9B
TCON				  DATA	      88
TF0				  BIT	      8D
TF1				  BIT	      8F
TH0				  DATA	      8C
TH1				  DATA	      8D
TI				  BIT	      99
TIMER0				  CODE	    000B
TIMER1				  CODE	    001B
TL0				  DATA	      8A
TL1				  DATA	      8B
TMOD				  DATA	      89
TR0				  BIT	      8C
TR1				  BIT	      8E
TXD				  BIT	      B1
WR				  BIT	      B6
